Starting
sorter list: ['kilosort4']
Start loading recordings
Rat46_20-02-2024-13h55_g27
Rat46_20-02-2024-13h55_g13
Rat46_20-02-2024-13h55_g28
Rat46_20-02-2024-13h55_g14
Rat46_20-02-2024-13h55_g6
Rat46_20-02-2024-13h55_g10
Rat46_20-02-2024-13h55_g15
Rat46_20-02-2024-13h55_g17
Rat46_20-02-2024-13h55_g24
Rat46_20-02-2024-13h55_g23
Rat46_20-02-2024-13h55_g22
Rat46_20-02-2024-13h55_g30
Rat46_20-02-2024-13h55_g3
Rat46_20-02-2024-13h55_g20
Rat46_20-02-2024-13h55_g21
Rat46_20-02-2024-13h55_g8
Rat46_20-02-2024-13h55_g0
Rat46_20-02-2024-13h55_g7
Rat46_20-02-2024-13h55_g5
Rat46_20-02-2024-13h55_g9
Rat46_20-02-2024-13h55_g25
Rat46_20-02-2024-13h55_g16
Rat46_20-02-2024-13h55_g4
Rat46_20-02-2024-13h55_g19
Rat46_20-02-2024-13h55_g18
Rat46_20-02-2024-13h55_g26
Rat46_20-02-2024-13h55_g11
Rat46_20-02-2024-13h55_g29
Rat46_20-02-2024-13h55_g2
Rat46_20-02-2024-13h55_g32
Rat46_20-02-2024-13h55_g12
Rat46_20-02-2024-13h55_g31
sorting now
