Starting
sorter list: ['kilosort4']
Start loading recordings
Rat46_17-02-2024-09h35_g1
preprocessing recording
Rat46_17-02-2024-09h35_g13
preprocessing recording
Rat46_17-02-2024-09h35_g2
preprocessing recording
Rat46_17-02-2024-09h35_g12
preprocessing recording
Rat46_17-02-2024-09h35_g0
preprocessing recording
Rat46_17-02-2024-09h35_g7
preprocessing recording
Rat46_17-02-2024-09h35_g21
preprocessing recording
Rat46_17-02-2024-09h35_g4
preprocessing recording
Rat46_17-02-2024-09h35_g22
preprocessing recording
Rat46_17-02-2024-09h35_g9
preprocessing recording
Rat46_17-02-2024-09h35_g19
preprocessing recording
Rat46_17-02-2024-09h35_g20
preprocessing recording
Rat46_17-02-2024-09h35_g5
preprocessing recording
Rat46_17-02-2024-09h35_g6
preprocessing recording
Rat46_17-02-2024-09h35_g3
preprocessing recording
Rat46_17-02-2024-09h35_g16
preprocessing recording
Rat46_17-02-2024-09h35_g24
preprocessing recording
Rat46_17-02-2024-09h35_g8
preprocessing recording
Rat46_17-02-2024-09h35_g15
preprocessing recording
Rat46_17-02-2024-09h35_g10
preprocessing recording
sorting now
