Starting
sorter list: ['kilosort4']
Start loading recordings
RatHC3_23-07-2024_13h48_g3
preprocessing recording
RatHC3_23-07-2024_15h45_g10
preprocessing recording
RatHC3_23-07-2024_15h45_g8
preprocessing recording
RatHC3_23-07-2024_15h45_g7
preprocessing recording
RatHC3_23-07-2024_13h48_g6
preprocessing recording
RatHC3_23-07-2024_15h45_g4
preprocessing recording
RatHC3_23-07-2024_13h48_g8
preprocessing recording
RatHC3_23-07-2024_15h45_g3
preprocessing recording
RatHC3_23-07-2024_13h48_g7
preprocessing recording
RatHC3_23-07-2024_15h45_g9
preprocessing recording
RatHC3_23-07-2024_13h48_g2
preprocessing recording
RatHC3_23-07-2024_15h45_g6
preprocessing recording
RatHC3_23-07-2024_13h48_g0
preprocessing recording
RatHC3_23-07-2024_13h48_g1
preprocessing recording
RatHC3_23-07-2024_13h48_g4
preprocessing recording
RatHC3_23-07-2024_15h45_g5
preprocessing recording
RatHC3_23-07-2024_15h45_g0
preprocessing recording
RatHC3_23-07-2024_15h45_g1
preprocessing recording
sorting now
