Starting
sorter list: ['kilosort4']
Start loading recordings
Rat46_20-02-2024-13h55_g27
preprocessing recording
Rat46_20-02-2024-13h55_g13
preprocessing recording
Rat46_20-02-2024-13h55_g28
preprocessing recording
Rat46_20-02-2024-13h55_g14
preprocessing recording
Rat46_20-02-2024-13h55_g6
preprocessing recording
Rat46_20-02-2024-13h55_g10
preprocessing recording
Rat46_20-02-2024-13h55_g15
preprocessing recording
Rat46_20-02-2024-13h55_g17
preprocessing recording
Rat46_20-02-2024-13h55_g24
preprocessing recording
Rat46_20-02-2024-13h55_g23
preprocessing recording
Rat46_20-02-2024-13h55_g22
preprocessing recording
Rat46_20-02-2024-13h55_g30
preprocessing recording
Rat46_20-02-2024-13h55_g3
preprocessing recording
Rat46_20-02-2024-13h55_g20
preprocessing recording
Rat46_20-02-2024-13h55_g21
preprocessing recording
Rat46_20-02-2024-13h55_g8
preprocessing recording
Rat46_20-02-2024-13h55_g0
preprocessing recording
Rat46_20-02-2024-13h55_g7
preprocessing recording
Rat46_20-02-2024-13h55_g5
preprocessing recording
Rat46_20-02-2024-13h55_g9
preprocessing recording
Rat46_20-02-2024-13h55_g25
preprocessing recording
Rat46_20-02-2024-13h55_g16
preprocessing recording
Rat46_20-02-2024-13h55_g4
preprocessing recording
Rat46_20-02-2024-13h55_g19
preprocessing recording
Rat46_20-02-2024-13h55_g18
preprocessing recording
Rat46_20-02-2024-13h55_g26
preprocessing recording
Rat46_20-02-2024-13h55_g11
preprocessing recording
Rat46_20-02-2024-13h55_g29
preprocessing recording
Rat46_20-02-2024-13h55_g2
preprocessing recording
Rat46_20-02-2024-13h55_g32
preprocessing recording
Rat46_20-02-2024-13h55_g12
preprocessing recording
Rat46_20-02-2024-13h55_g31
preprocessing recording
sorting now
