Starting
sorter list: ['kilosort4']
Start loading recordings
RatHC2_12-07-2024_15h51_g4
RatHC2_12-07-2024_12h12_g17
RatHC2_12-07-2024_15h51_g7
RatHC2_12-07-2024_12h12_g1
RatHC2_12-07-2024_12h12_g11
RatHC2_12-07-2024_12h12_g19
RatHC2_12-07-2024_12h12_g14
RatHC2_12-07-2024_15h51_g6
RatHC2_12-07-2024_12h12_g4
RatHC2_12-07-2024_12h12_g15
RatHC2_12-07-2024_12h12_g5
RatHC2_12-07-2024_12h12_g10
RatHC2_12-07-2024_12h12_g18
RatHC2_12-07-2024_12h12_g7
RatHC2_12-07-2024_12h12_g9
RatHC2_12-07-2024_12h12_g8
RatHC2_12-07-2024_12h12_g2
RatHC2_12-07-2024_12h12_g16
RatHC2_12-07-2024_15h51_g3
RatHC2_12-07-2024_15h51_g5
RatHC2_12-07-2024_12h12_g6
RatHC2_12-07-2024_12h12_g0
RatHC2_12-07-2024_12h12_g3
RatHC2_12-07-2024_12h12_g13
RatHC2_12-07-2024_12h12_g12
RatHC2_12-07-2024_15h51_g2
sorting now
