Starting
sorter list: ['kilosort4']
Start loading recordings
RatHC2_16-07-2024_11h14_g10
preprocessing recording
RatHC2_16-07-2024_11h14_g16
preprocessing recording
RatHC2_16-07-2024_15h05_g9
preprocessing recording
RatHC2_16-07-2024_11h14_g13
preprocessing recording
RatHC2_16-07-2024_11h14_g1
preprocessing recording
RatHC2_16-07-2024_11h14_g4
preprocessing recording
RatHC2_16-07-2024_15h05_g8
preprocessing recording
RatHC2_16-07-2024_15h05_g6
preprocessing recording
RatHC2_16-07-2024_11h14_g8
preprocessing recording
RatHC2_16-07-2024_11h14_g14
preprocessing recording
RatHC2_16-07-2024_11h14_g12
preprocessing recording
RatHC2_16-07-2024_15h05_g4
preprocessing recording
RatHC2_16-07-2024_11h14_g5
preprocessing recording
RatHC2_16-07-2024_15h05_g7
preprocessing recording
RatHC2_16-07-2024_11h14_g15
preprocessing recording
RatHC2_16-07-2024_11h14_g11
preprocessing recording
RatHC2_16-07-2024_15h05_g2
preprocessing recording
RatHC2_16-07-2024_15h05_g5
preprocessing recording
RatHC2_16-07-2024_15h05_g1
preprocessing recording
RatHC2_16-07-2024_11h14_g9
preprocessing recording
sorting now
