Starting
sorter list: ['kilosort4']
Start loading recordings
RatHC3_24-07-2024_14h49_g5
preprocessing recording
RatHC3_24-07-2024_14h49_g6
preprocessing recording
RatHC3_24-07-2024_14h49_g21
preprocessing recording
RatHC3_24-07-2024_14h49_g15
preprocessing recording
RatHC3_24-07-2024_14h49_g16
preprocessing recording
RatHC3_24-07-2024_14h49_g13
preprocessing recording
RatHC3_24-07-2024_14h49_g11
preprocessing recording
RatHC3_24-07-2024_14h49_g23
preprocessing recording
RatHC3_24-07-2024_14h49_g20
preprocessing recording
RatHC3_24-07-2024_14h49_g7
preprocessing recording
RatHC3_24-07-2024_14h49_g12
preprocessing recording
RatHC3_24-07-2024_14h49_g14
preprocessing recording
RatHC3_24-07-2024_14h49_g24
preprocessing recording
RatHC3_24-07-2024_14h49_g17
preprocessing recording
RatHC3_24-07-2024_14h49_g9
preprocessing recording
RatHC3_24-07-2024_14h49_g8
preprocessing recording
RatHC3_24-07-2024_14h49_g22
preprocessing recording
RatHC3_24-07-2024_14h49_g10
preprocessing recording
RatHC3_24-07-2024_14h49_g1
preprocessing recording
RatHC3_24-07-2024_14h49_g18
preprocessing recording
sorting now
