Starting
sorter list: ['kilosort4']
Start loading recordings
RatHC2_15-07-2024_13h45_g8
Starting
sorter list: ['kilosort4']
Start loading recordings
RatHC2_12-07-2024_15h51_g4
preprocessing recording
RatHC2_15-07-2024_09h56_g1
RatHC2_12-07-2024_12h12_g17
RatHC2_15-07-2024_13h45_g6
preprocessing recording
RatHC2_12-07-2024_15h51_g7
preprocessing recording
RatHC2_12-07-2024_12h12_g1
RatHC2_15-07-2024_13h45_g7
RatHC2_15-07-2024_09h56_g12
RatHC2_15-07-2024_09h56_g0
preprocessing recording
RatHC2_12-07-2024_12h12_g11
preprocessing recording
RatHC2_15-07-2024_13h45_g12
RatHC2_12-07-2024_12h12_g19
RatHC2_15-07-2024_13h45_g0
RatHC2_15-07-2024_09h56_g9
preprocessing recording
RatHC2_12-07-2024_12h12_g14
preprocessing recording
RatHC2_12-07-2024_15h51_g6
preprocessing recording
RatHC2_12-07-2024_12h12_g4
RatHC2_15-07-2024_13h45_g4
RatHC2_15-07-2024_09h56_g5
preprocessing recording
RatHC2_12-07-2024_12h12_g15
RatHC2_15-07-2024_13h45_g2
RatHC2_15-07-2024_09h56_g4
preprocessing recording
RatHC2_12-07-2024_12h12_g5
RatHC2_15-07-2024_09h56_g6
RatHC2_15-07-2024_13h45_g3
preprocessing recording
RatHC2_12-07-2024_12h12_g10
RatHC2_15-07-2024_13h45_g13
RatHC2_15-07-2024_09h56_g3
RatHC2_15-07-2024_13h45_g9
preprocessing recording
RatHC2_12-07-2024_12h12_g18
preprocessing recording
RatHC2_12-07-2024_12h12_g7
RatHC2_15-07-2024_09h56_g2
RatHC2_15-07-2024_09h56_g10
RatHC2_15-07-2024_13h45_g1
RatHC2_15-07-2024_13h45_g5
preprocessing recording
RatHC2_12-07-2024_12h12_g9
RatHC2_15-07-2024_09h56_g7
RatHC2_15-07-2024_13h45_g10
preprocessing recording
RatHC2_12-07-2024_12h12_g8
preprocessing recording
RatHC2_12-07-2024_12h12_g2
preprocessing recording
RatHC2_12-07-2024_12h12_g16
preprocessing recording
RatHC2_12-07-2024_15h51_g3
preprocessing recording
RatHC2_12-07-2024_15h51_g5
sorting now
preprocessing recording
RatHC2_12-07-2024_12h12_g6
preprocessing recording
RatHC2_12-07-2024_12h12_g0
preprocessing recording
RatHC2_12-07-2024_12h12_g3
preprocessing recording
RatHC2_12-07-2024_12h12_g13
preprocessing recording
RatHC2_12-07-2024_12h12_g12
preprocessing recording
RatHC2_12-07-2024_15h51_g2
preprocessing recording
saving multirecordings
