Starting
sorter list: ['kilosort4']
Start loading recordings
RatHC2_12-07-2024_12h12_g0
preprocessing recording
RatHC2_12-07-2024_12h12_g1
preprocessing recording
RatHC2_12-07-2024_12h12_g10
preprocessing recording
RatHC2_12-07-2024_12h12_g11
preprocessing recording
RatHC2_12-07-2024_12h12_g12
preprocessing recording
RatHC2_12-07-2024_12h12_g13
preprocessing recording
RatHC2_12-07-2024_12h12_g14
preprocessing recording
RatHC2_12-07-2024_12h12_g15
preprocessing recording
RatHC2_12-07-2024_12h12_g16
preprocessing recording
RatHC2_12-07-2024_12h12_g17
preprocessing recording
RatHC2_12-07-2024_12h12_g18
preprocessing recording
RatHC2_12-07-2024_12h12_g19
preprocessing recording
RatHC2_12-07-2024_12h12_g2
preprocessing recording
RatHC2_12-07-2024_12h12_g3
preprocessing recording
RatHC2_12-07-2024_12h12_g4
preprocessing recording
RatHC2_12-07-2024_12h12_g5
preprocessing recording
RatHC2_12-07-2024_12h12_g6
preprocessing recording
RatHC2_12-07-2024_12h12_g7
preprocessing recording
RatHC2_12-07-2024_12h12_g8
preprocessing recording
RatHC2_12-07-2024_12h12_g9
preprocessing recording
RatHC2_12-07-2024_15h51_g2
preprocessing recording
RatHC2_12-07-2024_15h51_g3
preprocessing recording
RatHC2_12-07-2024_15h51_g4
preprocessing recording
RatHC2_12-07-2024_15h51_g5
preprocessing recording
RatHC2_12-07-2024_15h51_g6
preprocessing recording
RatHC2_12-07-2024_15h51_g7
preprocessing recording
saving multirecordings
sorting now
