Starting
sorter list: ['kilosort4']
Start loading recordings
RatHC1_06-08-2024_14h08_g9
preprocessing recording
RatHC1_06-08-2024_10h27_g4
preprocessing recording
RatHC1_06-08-2024_14h08_g12
preprocessing recording
RatHC1_06-08-2024_10h27_g12
preprocessing recording
RatHC1_06-08-2024_10h27_g15
preprocessing recording
RatHC1_06-08-2024_14h08_g8
preprocessing recording
RatHC1_06-08-2024_14h08_g3
preprocessing recording
RatHC1_06-08-2024_10h27_g14
preprocessing recording
RatHC1_06-08-2024_10h27_g0
preprocessing recording
RatHC1_06-08-2024_14h08_g14
preprocessing recording
RatHC1_06-08-2024_14h08_g5
preprocessing recording
RatHC1_06-08-2024_10h27_g11
preprocessing recording
RatHC1_06-08-2024_10h27_g1
preprocessing recording
RatHC1_06-08-2024_10h27_g6
preprocessing recording
RatHC1_06-08-2024_14h08_g15
preprocessing recording
RatHC1_06-08-2024_10h27_g13
preprocessing recording
RatHC1_06-08-2024_14h08_g6
preprocessing recording
RatHC1_06-08-2024_10h27_g3
preprocessing recording
RatHC1_06-08-2024_14h08_g2
preprocessing recording
RatHC1_06-08-2024_14h08_g1
preprocessing recording
RatHC1_06-08-2024_10h27_g9
preprocessing recording
RatHC1_06-08-2024_10h27_g8
preprocessing recording
RatHC1_06-08-2024_10h27_g2
preprocessing recording
RatHC1_06-08-2024_14h08_g11
preprocessing recording
RatHC1_06-08-2024_14h08_g7
preprocessing recording
sorting now
