Starting
sorter list: ['kilosort4']
Start loading recordings
RatHC2_15-07-2024_09h56_g0
preprocessing recording
RatHC2_15-07-2024_09h56_g1
preprocessing recording
RatHC2_15-07-2024_09h56_g10
preprocessing recording
RatHC2_15-07-2024_09h56_g12
preprocessing recording
RatHC2_15-07-2024_09h56_g2
preprocessing recording
RatHC2_15-07-2024_09h56_g3
preprocessing recording
RatHC2_15-07-2024_09h56_g4
preprocessing recording
RatHC2_15-07-2024_09h56_g5
preprocessing recording
RatHC2_15-07-2024_09h56_g6
preprocessing recording
RatHC2_15-07-2024_09h56_g7
preprocessing recording
RatHC2_15-07-2024_09h56_g9
preprocessing recording
RatHC2_15-07-2024_13h45_g0
preprocessing recording
RatHC2_15-07-2024_13h45_g1
preprocessing recording
RatHC2_15-07-2024_13h45_g10
preprocessing recording
RatHC2_15-07-2024_13h45_g12
preprocessing recording
RatHC2_15-07-2024_13h45_g13
preprocessing recording
RatHC2_15-07-2024_13h45_g2
preprocessing recording
RatHC2_15-07-2024_13h45_g3
preprocessing recording
RatHC2_15-07-2024_13h45_g4
preprocessing recording
RatHC2_15-07-2024_13h45_g5
preprocessing recording
RatHC2_15-07-2024_13h45_g6
preprocessing recording
RatHC2_15-07-2024_13h45_g7
preprocessing recording
RatHC2_15-07-2024_13h45_g8
preprocessing recording
RatHC2_15-07-2024_13h45_g9
preprocessing recording
saving multirecordings
sorting now
