Starting
sorter list: ['kilosort4']
Start loading recordings
RatHC4_22-07-2024_12h43_g1
preprocessing recording
RatHC4_22-07-2024_09h53_g5
preprocessing recording
RatHC4_22-07-2024_09h53_g9
preprocessing recording
RatHC4_22-07-2024_09h53_g11
preprocessing recording
RatHC4_22-07-2024_09h53_g7
preprocessing recording
RatHC4_22-07-2024_12h43_g2
preprocessing recording
RatHC4_22-07-2024_09h53_g2
preprocessing recording
RatHC4_22-07-2024_12h43_g0
preprocessing recording
RatHC4_22-07-2024_09h53_g10
preprocessing recording
RatHC4_22-07-2024_09h53_g8
preprocessing recording
RatHC4_22-07-2024_09h53_g3
preprocessing recording
RatHC4_22-07-2024_12h43_g4
preprocessing recording
RatHC4_22-07-2024_09h53_g4
preprocessing recording
RatHC4_22-07-2024_09h53_g12
preprocessing recording
RatHC4_22-07-2024_12h43_g3
preprocessing recording
sorting now
